<?xml version="1.0" encoding="UTF-8"?>
<testng-results skipped="0" failed="1" ignored="0" total="6" passed="5">
  <reporter-output>
  </reporter-output>
  <suite name="Test-class Suite" duration-ms="98106" started-at="2019-09-04T12:41:33Z" finished-at="2019-09-04T12:43:11Z">
    <groups>
    </groups>
    <test name="Test1" duration-ms="69041" started-at="2019-09-04T12:41:33Z" finished-at="2019-09-04T12:42:42Z">
      <class name="flightBooking.OneWay">
        <test-method status="PASS" signature="setup()[pri:0, instance:flightBooking.OneWay@7d9d1a19]" name="setup" is-config="true" duration-ms="11194" started-at="2019-09-04T12:41:33Z" finished-at="2019-09-04T12:41:44Z">
          <reporter-output>
          </reporter-output>
        </test-method> <!-- setup -->
        <test-method status="PASS" signature="setUp()[pri:1, instance:flightBooking.OneWay@7d9d1a19]" name="setUp" duration-ms="313" started-at="2019-09-04T12:41:44Z" finished-at="2019-09-04T12:41:44Z">
          <reporter-output>
          </reporter-output>
        </test-method> <!-- setUp -->
        <test-method status="FAIL" signature="search([Ljava.lang.String;)[pri:2, instance:flightBooking.OneWay@7d9d1a19]" name="search" duration-ms="20686" started-at="2019-09-04T12:41:46Z" data-provider="SearchProvider" finished-at="2019-09-04T12:42:07Z">
          <params>
            <param index="0">
              <value>
                <![CDATA[[Ljava.lang.String;@4f7b2caf]]>
              </value>
            </param>
          </params>
          <exception class="org.openqa.selenium.StaleElementReferenceException">
            <message>
              <![CDATA[The element reference of <button class="ui button large orange"> is stale; either the element is no longer attached to the DOM, it is not in the current frame context, or the document has been refreshed
For documentation on this error, please visit: https://www.seleniumhq.org/exceptions/stale_element_reference.html
Build info: version: '4.0.0-alpha-2', revision: 'f148142cf8', time: '2019-07-01T20:55:26'
System info: host: 'ATMECSINLT-065', ip: '55.55.54.125', os.name: 'Windows 10', os.arch: 'amd64', os.version: '10.0', java.version: '1.8.0_221'
Driver info: org.openqa.selenium.firefox.FirefoxDriver
Capabilities {acceptInsecureCerts: true, browserName: firefox, browserVersion: 68.0.2, javascriptEnabled: true, moz:accessibilityChecks: false, moz:buildID: 20190813150448, moz:geckodriverVersion: 0.24.0, moz:headless: false, moz:processID: 24724, moz:profile: C:\Users\mohit.jaiswal\AppD..., moz:shutdownTimeout: 60000, moz:useNonSpecCompliantPointerOrigin: false, moz:webdriverClick: true, pageLoadStrategy: normal, platform: WINDOWS, platformName: WINDOWS, platformVersion: 10.0, rotatable: false, setWindowRect: true, strictFileInteractability: false, timeouts: {implicit: 0, pageLoad: 300000, script: 30000}, unhandledPromptBehavior: dismiss and notify}
Session ID: e48474df-cf8f-43df-9232-197e53803224]]>
            </message>
            <full-stacktrace>
              <![CDATA[org.openqa.selenium.StaleElementReferenceException: The element reference of <button class="ui button large orange"> is stale; either the element is no longer attached to the DOM, it is not in the current frame context, or the document has been refreshed
For documentation on this error, please visit: https://www.seleniumhq.org/exceptions/stale_element_reference.html
Build info: version: '4.0.0-alpha-2', revision: 'f148142cf8', time: '2019-07-01T20:55:26'
System info: host: 'ATMECSINLT-065', ip: '55.55.54.125', os.name: 'Windows 10', os.arch: 'amd64', os.version: '10.0', java.version: '1.8.0_221'
Driver info: org.openqa.selenium.firefox.FirefoxDriver
Capabilities {acceptInsecureCerts: true, browserName: firefox, browserVersion: 68.0.2, javascriptEnabled: true, moz:accessibilityChecks: false, moz:buildID: 20190813150448, moz:geckodriverVersion: 0.24.0, moz:headless: false, moz:processID: 24724, moz:profile: C:\Users\mohit.jaiswal\AppD..., moz:shutdownTimeout: 60000, moz:useNonSpecCompliantPointerOrigin: false, moz:webdriverClick: true, pageLoadStrategy: normal, platform: WINDOWS, platformName: WINDOWS, platformVersion: 10.0, rotatable: false, setWindowRect: true, strictFileInteractability: false, timeouts: {implicit: 0, pageLoad: 300000, script: 30000}, unhandledPromptBehavior: dismiss and notify}
Session ID: e48474df-cf8f-43df-9232-197e53803224
at sun.reflect.NativeConstructorAccessorImpl.newInstance0(Native Method)
at sun.reflect.NativeConstructorAccessorImpl.newInstance(Unknown Source)
at sun.reflect.DelegatingConstructorAccessorImpl.newInstance(Unknown Source)
at java.lang.reflect.Constructor.newInstance(Unknown Source)
at org.openqa.selenium.remote.codec.w3c.W3CHttpResponseCodec.createException(W3CHttpResponseCodec.java:191)
at org.openqa.selenium.remote.codec.w3c.W3CHttpResponseCodec.decode(W3CHttpResponseCodec.java:125)
at org.openqa.selenium.remote.codec.w3c.W3CHttpResponseCodec.decode(W3CHttpResponseCodec.java:52)
at org.openqa.selenium.remote.HttpCommandExecutor.execute(HttpCommandExecutor.java:161)
at org.openqa.selenium.remote.service.DriverCommandExecutor.execute(DriverCommandExecutor.java:83)
at org.openqa.selenium.remote.RemoteWebDriver.execute(RemoteWebDriver.java:576)
at org.openqa.selenium.remote.RemoteWebElement.execute(RemoteWebElement.java:308)
at org.openqa.selenium.remote.RemoteWebElement.click(RemoteWebElement.java:83)
at flightBooking.OneWay.search(OneWay.java:63)
at sun.reflect.NativeMethodAccessorImpl.invoke0(Native Method)
at sun.reflect.NativeMethodAccessorImpl.invoke(Unknown Source)
at sun.reflect.DelegatingMethodAccessorImpl.invoke(Unknown Source)
at java.lang.reflect.Method.invoke(Unknown Source)
at org.testng.internal.MethodInvocationHelper.invokeMethod(MethodInvocationHelper.java:124)
at org.testng.internal.Invoker.invokeMethod(Invoker.java:583)
at org.testng.internal.Invoker.invokeTestMethod(Invoker.java:719)
at org.testng.internal.Invoker.invokeTestMethods(Invoker.java:989)
at org.testng.internal.TestMethodWorker.invokeTestMethods(TestMethodWorker.java:125)
at org.testng.internal.TestMethodWorker.run(TestMethodWorker.java:109)
at org.testng.TestRunner.privateRun(TestRunner.java:648)
at org.testng.TestRunner.run(TestRunner.java:505)
at org.testng.SuiteRunner.runTest(SuiteRunner.java:455)
at org.testng.SuiteRunner.access$000(SuiteRunner.java:40)
at org.testng.SuiteRunner$SuiteWorker.run(SuiteRunner.java:489)
at org.testng.internal.thread.ThreadUtil$1.call(ThreadUtil.java:52)
at java.util.concurrent.FutureTask.run(Unknown Source)
at java.util.concurrent.ThreadPoolExecutor.runWorker(Unknown Source)
at java.util.concurrent.ThreadPoolExecutor$Worker.run(Unknown Source)
at java.lang.Thread.run(Unknown Source)
]]>
            </full-stacktrace>
          </exception> <!-- org.openqa.selenium.StaleElementReferenceException -->
          <reporter-output>
          </reporter-output>
        </test-method> <!-- search -->
        <test-method status="PASS" signature="search([Ljava.lang.String;)[pri:2, instance:flightBooking.OneWay@7d9d1a19]" name="search" duration-ms="31703" started-at="2019-09-04T12:42:07Z" data-provider="SearchProvider" finished-at="2019-09-04T12:42:39Z">
          <params>
            <param index="0">
              <value>
                <![CDATA[[Ljava.lang.String;@56bb81e0]]>
              </value>
            </param>
          </params>
          <reporter-output>
          </reporter-output>
        </test-method> <!-- search -->
        <test-method status="PASS" signature="tearDown()[pri:0, instance:flightBooking.OneWay@7d9d1a19]" name="tearDown" is-config="true" duration-ms="3144" started-at="2019-09-04T12:42:39Z" finished-at="2019-09-04T12:42:42Z">
          <reporter-output>
          </reporter-output>
        </test-method> <!-- tearDown -->
      </class> <!-- flightBooking.OneWay -->
    </test> <!-- Test1 -->
    <test name="Test2" duration-ms="98106" started-at="2019-09-04T12:41:33Z" finished-at="2019-09-04T12:43:11Z">
      <class name="flightBooking.TwoWay">
        <test-method status="PASS" signature="setup()[pri:0, instance:flightBooking.TwoWay@5700d6b1]" name="setup" is-config="true" duration-ms="11038" started-at="2019-09-04T12:41:33Z" finished-at="2019-09-04T12:41:44Z">
          <reporter-output>
          </reporter-output>
        </test-method> <!-- setup -->
        <test-method status="PASS" signature="setUp()[pri:3, instance:flightBooking.TwoWay@5700d6b1]" name="setUp" duration-ms="360" started-at="2019-09-04T12:41:44Z" finished-at="2019-09-04T12:41:44Z">
          <reporter-output>
          </reporter-output>
        </test-method> <!-- setUp -->
        <test-method status="PASS" signature="search([Ljava.lang.String;)[pri:4, instance:flightBooking.TwoWay@5700d6b1]" name="search" duration-ms="43135" started-at="2019-09-04T12:41:46Z" data-provider="SearchProvider" finished-at="2019-09-04T12:42:29Z">
          <params>
            <param index="0">
              <value>
                <![CDATA[[Ljava.lang.String;@5eac83fe]]>
              </value>
            </param>
          </params>
          <reporter-output>
          </reporter-output>
        </test-method> <!-- search -->
        <test-method status="PASS" signature="search([Ljava.lang.String;)[pri:4, instance:flightBooking.TwoWay@5700d6b1]" name="search" duration-ms="38681" started-at="2019-09-04T12:42:29Z" data-provider="SearchProvider" finished-at="2019-09-04T12:43:08Z">
          <params>
            <param index="0">
              <value>
                <![CDATA[[Ljava.lang.String;@a9cd8e]]>
              </value>
            </param>
          </params>
          <reporter-output>
          </reporter-output>
        </test-method> <!-- search -->
        <test-method status="PASS" signature="tearDown()[pri:0, instance:flightBooking.TwoWay@5700d6b1]" name="tearDown" is-config="true" duration-ms="2765" started-at="2019-09-04T12:43:08Z" finished-at="2019-09-04T12:43:11Z">
          <reporter-output>
          </reporter-output>
        </test-method> <!-- tearDown -->
      </class> <!-- flightBooking.TwoWay -->
    </test> <!-- Test2 -->
  </suite> <!-- Test-class Suite -->
</testng-results>
