<?xml version="1.0" encoding="UTF-8"?>
<!-- Generated by org.testng.reporters.JUnitXMLReporter -->
<testsuite hostname="ATMECSINLT-065" ignored="0" name="GRID TEST WITH SERIAL EXECTION WITH BROWSER CHROME" tests="3" failures="0" timestamp="04 Sep 2019 12:10:38 GMT" time="1.843" errors="0">
  <testcase name="@BeforeClass setup" time="0.5" classname="baseClass.BaseClass">
    <failure type="java.lang.IllegalStateException" message="The driver executable does not exist: C:\Users\mohit.jaiswal\Downloads\com.FlightBooking\com.FlightBooking\.\libs\geckodriver.exe">
      <![CDATA[java.lang.IllegalStateException: The driver executable does not exist: C:\Users\mohit.jaiswal\Downloads\com.FlightBooking\com.FlightBooking\.\libs\geckodriver.exe
at com.google.common.base.Preconditions.checkState(Preconditions.java:589)
at org.openqa.selenium.remote.service.DriverService.checkExecutable(DriverService.java:147)
at org.openqa.selenium.remote.service.DriverService.findExecutable(DriverService.java:142)
at org.openqa.selenium.firefox.GeckoDriverService.access$100(GeckoDriverService.java:41)
at org.openqa.selenium.firefox.GeckoDriverService$Builder.findDefaultExecutable(GeckoDriverService.java:165)
at org.openqa.selenium.remote.service.DriverService$Builder.build(DriverService.java:363)
at org.openqa.selenium.firefox.FirefoxDriver.toExecutor(FirefoxDriver.java:181)
at org.openqa.selenium.firefox.FirefoxDriver.<init>(FirefoxDriver.java:154)
at org.openqa.selenium.firefox.FirefoxDriver.<init>(FirefoxDriver.java:132)
at baseClass.BaseClass.setup(BaseClass.java:28)
at java.util.concurrent.FutureTask.run(Unknown Source)
at java.util.concurrent.ThreadPoolExecutor.runWorker(Unknown Source)
at java.util.concurrent.ThreadPoolExecutor$Worker.run(Unknown Source)
at java.lang.Thread.run(Unknown Source)
... Removed 17 stack frames]]>
    </failure>
  </testcase> <!-- @BeforeClass setup -->
  <testcase name="@AfterClass tearDown" time="0.0" classname="flightBooking.TwoWay">
    <skipped/>
  </testcase> <!-- @AfterClass tearDown -->
  <testcase name="setUp" time="0.0" classname="flightBooking.TwoWay">
    <skipped/>
  </testcase> <!-- setUp -->
  <testcase name="search" time="0.0" classname="flightBooking.TwoWay">
    <skipped/>
  </testcase> <!-- search -->
  <testcase name="search" time="0.0" classname="flightBooking.TwoWay">
    <skipped/>
  </testcase> <!-- search -->
</testsuite> <!-- GRID TEST WITH SERIAL EXECTION WITH BROWSER CHROME -->
