<?xml version="1.0" encoding="UTF-8"?>
<!-- Generated by org.testng.reporters.JUnitXMLReporter -->
<testsuite hostname="ATMECSINLT-065" ignored="0" name="Default test" tests="3" failures="0" timestamp="04 Sep 2019 12:36:33 GMT" time="74.742" errors="0">
  <testcase name="setUp" time="0.197" classname="flightBooking.TwoWay"/>
  <testcase name="search" time="35.34" classname="flightBooking.TwoWay"/>
  <testcase name="search" time="29.289" classname="flightBooking.TwoWay"/>
</testsuite> <!-- Default test -->
